2025/05/20 07:56:32.455230 support.go:8: [97m[INFO][0m Mocking - BiologicalSexes
2025/05/20 07:56:32.663285 support.go:8: [97m[INFO][0m Mocking - Countries
2025/05/20 07:56:32.663311 support.go:8: [97m[INFO][0m Mocking - Currencies
2025/05/20 07:56:32.663323 support.go:8: [97m[INFO][0m Mocking - Genders
2025/05/20 07:56:32.663326 support.go:8: [97m[INFO][0m Mocking - Tenor Ladder
2025/05/20 07:56:32.663337 support.go:8: [97m[INFO][0m Mocking - Titles
2025/05/20 07:58:47.229141 support.go:8: [97m[INFO][0m Mocking - BiologicalSexes
2025/05/20 07:58:47.230116 support.go:8: [97m[INFO][0m Mocking - Countries
2025/05/20 07:58:47.230145 support.go:8: [97m[INFO][0m Mocking - Currencies
2025/05/20 07:58:47.230158 support.go:8: [97m[INFO][0m Mocking - Genders
2025/05/20 07:58:47.230163 support.go:8: [97m[INFO][0m Mocking - Tenor Ladder
2025/05/20 07:58:47.230172 support.go:8: [97m[INFO][0m Mocking - Titles
2025/05/20 07:58:47.230277 main.go:15: [97m[INFO][0m Int:
2025/05/20 07:58:47.230372 main.go:20: [97m[INFO][0m ✅ '1k' → 1000
2025/05/20 07:58:47.230383 main.go:22: [97m[INFO][0m Float:
2025/05/20 07:58:47.230400 main.go:28: [97m[INFO][0m ✅ '1k' → 1000.000000
2025/05/20 07:58:47.230417 main.go:30: [97m[INFO][0m String:
2025/05/20 07:58:47.230454 main.go:36: [97m[INFO][0m ✅ '1k' → 1000
2025/05/20 07:58:47.230461 main.go:15: [97m[INFO][0m Int:
2025/05/20 07:58:47.230467 main.go:20: [97m[INFO][0m ✅ '1m' → 1000000
2025/05/20 07:58:47.230471 main.go:22: [97m[INFO][0m Float:
2025/05/20 07:58:47.230481 main.go:28: [97m[INFO][0m ✅ '1m' → 1000000.000000
2025/05/20 07:58:47.230486 main.go:30: [97m[INFO][0m String:
2025/05/20 07:58:47.230491 main.go:36: [97m[INFO][0m ✅ '1m' → 1000000
2025/05/20 07:58:47.230495 main.go:15: [97m[INFO][0m Int:
2025/05/20 07:58:47.230502 main.go:20: [97m[INFO][0m ✅ '1.5m' → 1500000
2025/05/20 07:58:47.230523 main.go:22: [97m[INFO][0m Float:
2025/05/20 07:58:47.230537 main.go:28: [97m[INFO][0m ✅ '1.5m' → 1500000.000000
2025/05/20 07:58:47.230543 main.go:30: [97m[INFO][0m String:
2025/05/20 07:58:47.230550 main.go:36: [97m[INFO][0m ✅ '1.5m' → 1500000
2025/05/20 07:58:47.230558 main.go:15: [97m[INFO][0m Int:
2025/05/20 07:58:47.230565 main.go:20: [97m[INFO][0m ✅ '2b500m' → 2500000000
2025/05/20 07:58:47.230569 main.go:22: [97m[INFO][0m Float:
2025/05/20 07:58:47.230577 main.go:28: [97m[INFO][0m ✅ '2b500m' → 2500000000.000000
2025/05/20 07:58:47.230581 main.go:30: [97m[INFO][0m String:
2025/05/20 07:58:47.230586 main.go:36: [97m[INFO][0m ✅ '2b500m' → 2500000000
2025/05/20 07:58:47.230589 main.go:15: [97m[INFO][0m Int:
2025/05/20 07:58:47.230594 main.go:20: [97m[INFO][0m ✅ '5.5m250k' → 5750000
2025/05/20 07:58:47.230597 main.go:22: [97m[INFO][0m Float:
2025/05/20 07:58:47.230602 main.go:28: [97m[INFO][0m ✅ '5.5m250k' → 5750000.000000
2025/05/20 07:58:47.230606 main.go:30: [97m[INFO][0m String:
2025/05/20 07:58:47.230611 main.go:36: [97m[INFO][0m ✅ '5.5m250k' → 5750000
2025/05/20 07:58:47.230614 main.go:15: [97m[INFO][0m Int:
2025/05/20 07:58:47.230623 main.go:20: [97m[INFO][0m ✅ '1b2m3k' → 1002003000
2025/05/20 07:58:47.230627 main.go:22: [97m[INFO][0m Float:
2025/05/20 07:58:47.230631 main.go:28: [97m[INFO][0m ✅ '1b2m3k' → 1002003000.000000
2025/05/20 07:58:47.230635 main.go:30: [97m[INFO][0m String:
2025/05/20 07:58:47.230643 main.go:36: [97m[INFO][0m ✅ '1b2m3k' → 1002003000
2025/05/20 07:58:47.230646 main.go:15: [97m[INFO][0m Int:
2025/05/20 07:58:47.230651 main.go:20: [97m[INFO][0m ✅ '1T' → 1000000000000
2025/05/20 07:58:47.230654 main.go:22: [97m[INFO][0m Float:
2025/05/20 07:58:47.230659 main.go:28: [97m[INFO][0m ✅ '1T' → 1000000000000.000000
2025/05/20 07:58:47.230665 main.go:30: [97m[INFO][0m String:
2025/05/20 07:58:47.230669 main.go:36: [97m[INFO][0m ✅ '1T' → 1000000000000
2025/05/20 07:58:47.230673 main.go:15: [97m[INFO][0m Int:
2025/05/20 07:58:47.230678 main.go:20: [97m[INFO][0m ✅ '1.2t3b4.5m' → 1203004500000
2025/05/20 07:58:47.230681 main.go:22: [97m[INFO][0m Float:
2025/05/20 07:58:47.230686 main.go:28: [97m[INFO][0m ✅ '1.2t3b4.5m' → 1203004500000.000000
2025/05/20 07:58:47.230689 main.go:30: [97m[INFO][0m String:
2025/05/20 07:58:47.230696 main.go:36: [97m[INFO][0m ✅ '1.2t3b4.5m' → 1203004500000
2025/05/20 07:58:47.230700 main.go:15: [97m[INFO][0m Int:
2025/05/20 07:58:47.230703 main.go:18: [97m[INFO][0m ❌ '' → Error: input is empty
2025/05/20 07:58:47.230709 main.go:22: [97m[INFO][0m Float:
2025/05/20 07:58:47.230712 main.go:26: [97m[INFO][0m ❌ '' → Error: input is empty
2025/05/20 07:58:47.230715 main.go:30: [97m[INFO][0m String:
2025/05/20 07:58:47.230718 main.go:34: [97m[INFO][0m ❌ '' → Error: input is empty
2025/05/20 07:58:47.230721 main.go:15: [97m[INFO][0m Int:
2025/05/20 07:58:47.230740 main.go:18: [97m[INFO][0m ❌ 'foo' → Error: invalid input format near: 'foo'
2025/05/20 07:58:47.230747 main.go:22: [97m[INFO][0m Float:
2025/05/20 07:58:47.230752 main.go:26: [97m[INFO][0m ❌ 'foo' → Error: invalid input format near: 'foo'
2025/05/20 07:58:47.230755 main.go:30: [97m[INFO][0m String:
2025/05/20 07:58:47.230760 main.go:34: [97m[INFO][0m ❌ 'foo' → Error: invalid input format near: 'foo'
2025/05/20 07:58:47.230763 main.go:15: [97m[INFO][0m Int:
2025/05/20 07:58:47.230769 main.go:18: [97m[INFO][0m ❌ '1mfoo' → Error: invalid input format near: 'foo'
2025/05/20 07:58:47.230773 main.go:22: [97m[INFO][0m Float:
2025/05/20 07:58:47.230778 main.go:26: [97m[INFO][0m ❌ '1mfoo' → Error: invalid input format near: 'foo'
2025/05/20 07:58:47.230781 main.go:30: [97m[INFO][0m String:
2025/05/20 07:58:47.230787 main.go:34: [97m[INFO][0m ❌ '1mfoo' → Error: invalid input format near: 'foo'
2025/05/20 07:58:47.230793 main.go:15: [97m[INFO][0m Int:
2025/05/20 07:58:47.230797 main.go:18: [97m[INFO][0m ❌ 'm1k' → Error: invalid input format near: 'm1k'
2025/05/20 07:58:47.230800 main.go:22: [97m[INFO][0m Float:
2025/05/20 07:58:47.230804 main.go:26: [97m[INFO][0m ❌ 'm1k' → Error: invalid input format near: 'm1k'
2025/05/20 07:58:47.230807 main.go:30: [97m[INFO][0m String:
2025/05/20 07:58:47.230812 main.go:34: [97m[INFO][0m ❌ 'm1k' → Error: invalid input format near: 'm1k'
2025/05/20 07:58:47.230815 main.go:15: [97m[INFO][0m Int:
2025/05/20 07:58:47.230819 main.go:18: [97m[INFO][0m ❌ '10x' → Error: invalid input format near: '10x'
2025/05/20 07:58:47.230822 main.go:22: [97m[INFO][0m Float:
2025/05/20 07:58:47.230826 main.go:26: [97m[INFO][0m ❌ '10x' → Error: invalid input format near: '10x'
2025/05/20 07:58:47.230829 main.go:30: [97m[INFO][0m String:
2025/05/20 07:58:47.230937 main.go:34: [97m[INFO][0m ❌ '10x' → Error: invalid input format near: '10x'
2025/05/20 07:58:47.230954 main.go:15: [97m[INFO][0m Int:
2025/05/20 07:58:47.230988 main.go:18: [97m[INFO][0m ❌ '1.2.3m' → Error: invalid input format near: '1.2.3m'
2025/05/20 07:58:47.231001 main.go:22: [97m[INFO][0m Float:
2025/05/20 07:58:47.231009 main.go:26: [97m[INFO][0m ❌ '1.2.3m' → Error: invalid input format near: '1.2.3m'
2025/05/20 07:58:47.231013 main.go:30: [97m[INFO][0m String:
2025/05/20 07:58:47.231022 main.go:34: [97m[INFO][0m ❌ '1.2.3m' → Error: invalid input format near: '1.2.3m'
2025/05/20 07:59:20.460778 support.go:8: [97m[INFO][0m Mocking - BiologicalSexes
2025/05/20 07:59:20.461929 support.go:8: [97m[INFO][0m Mocking - Countries
2025/05/20 07:59:20.461949 support.go:8: [97m[INFO][0m Mocking - Currencies
2025/05/20 07:59:20.461956 support.go:8: [97m[INFO][0m Mocking - Genders
2025/05/20 07:59:20.461959 support.go:8: [97m[INFO][0m Mocking - Tenor Ladder
2025/05/20 07:59:20.461968 support.go:8: [97m[INFO][0m Mocking - Titles
2025/05/20 07:59:20.462141 main.go:15: [97m[INFO][0m Int:
2025/05/20 07:59:20.462240 main.go:20: [97m[INFO][0m ✅ '1k' → 1000
2025/05/20 07:59:20.462249 main.go:22: [97m[INFO][0m Float:
2025/05/20 07:59:20.462256 main.go:28: [97m[INFO][0m ✅ '1k' → 1000.000000
2025/05/20 07:59:20.462272 main.go:30: [97m[INFO][0m String:
2025/05/20 07:59:20.462280 main.go:36: [97m[INFO][0m ✅ '1k' → 1000
2025/05/20 07:59:20.462283 main.go:15: [97m[INFO][0m Int:
2025/05/20 07:59:20.462288 main.go:20: [97m[INFO][0m ✅ '1m' → 1000000
2025/05/20 07:59:20.462291 main.go:22: [97m[INFO][0m Float:
2025/05/20 07:59:20.462300 main.go:28: [97m[INFO][0m ✅ '1m' → 1000000.000000
2025/05/20 07:59:20.462303 main.go:30: [97m[INFO][0m String:
2025/05/20 07:59:20.462309 main.go:36: [97m[INFO][0m ✅ '1m' → 1000000
2025/05/20 07:59:20.462312 main.go:15: [97m[INFO][0m Int:
2025/05/20 07:59:20.462318 main.go:20: [97m[INFO][0m ✅ '1.5m' → 1500000
2025/05/20 07:59:20.462321 main.go:22: [97m[INFO][0m Float:
2025/05/20 07:59:20.462327 main.go:28: [97m[INFO][0m ✅ '1.5m' → 1500000.000000
2025/05/20 07:59:20.462330 main.go:30: [97m[INFO][0m String:
2025/05/20 07:59:20.462334 main.go:36: [97m[INFO][0m ✅ '1.5m' → 1500000
2025/05/20 07:59:20.462339 main.go:15: [97m[INFO][0m Int:
2025/05/20 07:59:20.462344 main.go:20: [97m[INFO][0m ✅ '2b500m' → 2500000000
2025/05/20 07:59:20.462347 main.go:22: [97m[INFO][0m Float:
2025/05/20 07:59:20.462352 main.go:28: [97m[INFO][0m ✅ '2b500m' → 2500000000.000000
2025/05/20 07:59:20.462355 main.go:30: [97m[INFO][0m String:
2025/05/20 07:59:20.462360 main.go:36: [97m[INFO][0m ✅ '2b500m' → 2500000000
2025/05/20 07:59:20.462362 main.go:15: [97m[INFO][0m Int:
2025/05/20 07:59:20.462367 main.go:20: [97m[INFO][0m ✅ '5.5m250k' → 5750000
2025/05/20 07:59:20.462370 main.go:22: [97m[INFO][0m Float:
2025/05/20 07:59:20.462375 main.go:28: [97m[INFO][0m ✅ '5.5m250k' → 5750000.000000
2025/05/20 07:59:20.462378 main.go:30: [97m[INFO][0m String:
2025/05/20 07:59:20.462383 main.go:36: [97m[INFO][0m ✅ '5.5m250k' → 5750000
2025/05/20 07:59:20.462386 main.go:15: [97m[INFO][0m Int:
2025/05/20 07:59:20.462397 main.go:20: [97m[INFO][0m ✅ '1b2m3k' → 1002003000
2025/05/20 07:59:20.462401 main.go:22: [97m[INFO][0m Float:
2025/05/20 07:59:20.462405 main.go:28: [97m[INFO][0m ✅ '1b2m3k' → 1002003000.000000
2025/05/20 07:59:20.462409 main.go:30: [97m[INFO][0m String:
2025/05/20 07:59:20.462414 main.go:36: [97m[INFO][0m ✅ '1b2m3k' → 1002003000
2025/05/20 07:59:20.462417 main.go:15: [97m[INFO][0m Int:
2025/05/20 07:59:20.462424 main.go:20: [97m[INFO][0m ✅ '1T' → 1000000000000
2025/05/20 07:59:20.462427 main.go:22: [97m[INFO][0m Float:
2025/05/20 07:59:20.462433 main.go:28: [97m[INFO][0m ✅ '1T' → 1000000000000.000000
2025/05/20 07:59:20.462437 main.go:30: [97m[INFO][0m String:
2025/05/20 07:59:20.462441 main.go:36: [97m[INFO][0m ✅ '1T' → 1000000000000
2025/05/20 07:59:20.462444 main.go:15: [97m[INFO][0m Int:
2025/05/20 07:59:20.462452 main.go:20: [97m[INFO][0m ✅ '1.2t3b4.5m' → 1203004500000
2025/05/20 07:59:20.462455 main.go:22: [97m[INFO][0m Float:
2025/05/20 07:59:20.462460 main.go:28: [97m[INFO][0m ✅ '1.2t3b4.5m' → 1203004500000.000000
2025/05/20 07:59:20.462463 main.go:30: [97m[INFO][0m String:
2025/05/20 07:59:20.462468 main.go:36: [97m[INFO][0m ✅ '1.2t3b4.5m' → 1203004500000
2025/05/20 07:59:20.462471 main.go:15: [97m[INFO][0m Int:
2025/05/20 07:59:20.467049 main.go:22: [97m[INFO][0m Float:
2025/05/20 07:59:20.467189 main.go:30: [97m[INFO][0m String:
2025/05/20 07:59:20.467326 main.go:15: [97m[INFO][0m Int:
2025/05/20 07:59:20.467688 main.go:22: [97m[INFO][0m Float:
2025/05/20 07:59:20.467718 main.go:30: [97m[INFO][0m String:
2025/05/20 07:59:20.467776 main.go:15: [97m[INFO][0m Int:
2025/05/20 07:59:20.467800 main.go:22: [97m[INFO][0m Float:
2025/05/20 07:59:20.467827 main.go:30: [97m[INFO][0m String:
2025/05/20 07:59:20.474360 main.go:15: [97m[INFO][0m Int:
2025/05/20 07:59:20.474376 main.go:22: [97m[INFO][0m Float:
2025/05/20 07:59:20.474883 main.go:30: [97m[INFO][0m String:
2025/05/20 07:59:20.474956 main.go:15: [97m[INFO][0m Int:
2025/05/20 07:59:20.474967 main.go:22: [97m[INFO][0m Float:
2025/05/20 07:59:20.474977 main.go:30: [97m[INFO][0m String:
2025/05/20 07:59:20.474986 main.go:15: [97m[INFO][0m Int:
2025/05/20 07:59:20.475032 main.go:22: [97m[INFO][0m Float:
2025/05/20 07:59:20.475046 main.go:30: [97m[INFO][0m String:
2025/05/20 08:03:24.052425 support.go:8: [97m[INFO][0m Mocking - BiologicalSexes
2025/05/20 08:03:24.053613 support.go:8: [97m[INFO][0m Mocking - Countries
2025/05/20 08:03:24.053629 support.go:8: [97m[INFO][0m Mocking - Currencies
2025/05/20 08:03:24.053635 support.go:8: [97m[INFO][0m Mocking - Genders
2025/05/20 08:03:24.053638 support.go:8: [97m[INFO][0m Mocking - Tenor Ladder
2025/05/20 08:03:24.053646 support.go:8: [97m[INFO][0m Mocking - Titles
2025/05/20 08:03:24.053745 main.go:15: [97m[INFO][0m Int:
2025/05/20 08:03:24.053815 main.go:20: [97m[INFO][0m ✅ '1k' → 1000
2025/05/20 08:03:24.053820 main.go:22: [97m[INFO][0m Float:
2025/05/20 08:03:24.053826 main.go:28: [97m[INFO][0m ✅ '1k' → 1000.000000
2025/05/20 08:03:24.053841 main.go:30: [97m[INFO][0m String:
2025/05/20 08:03:24.053848 main.go:36: [97m[INFO][0m ✅ '1k' → 1000
2025/05/20 08:03:24.053857 main.go:43: [97m[INFO][0m ✅ '1k' → 1,000.00
2025/05/20 08:03:24.053860 main.go:15: [97m[INFO][0m Int:
2025/05/20 08:03:24.053869 main.go:20: [97m[INFO][0m ✅ '1m' → 1000000
2025/05/20 08:03:24.053871 main.go:22: [97m[INFO][0m Float:
2025/05/20 08:03:24.053876 main.go:28: [97m[INFO][0m ✅ '1m' → 1000000.000000
2025/05/20 08:03:24.053880 main.go:30: [97m[INFO][0m String:
2025/05/20 08:03:24.053884 main.go:36: [97m[INFO][0m ✅ '1m' → 1000000
2025/05/20 08:03:24.053891 main.go:43: [97m[INFO][0m ✅ '1m' → 1,000,000.00
2025/05/20 08:03:24.053894 main.go:15: [97m[INFO][0m Int:
2025/05/20 08:03:24.053898 main.go:20: [97m[INFO][0m ✅ '1.5m' → 1500000
2025/05/20 08:03:24.053901 main.go:22: [97m[INFO][0m Float:
2025/05/20 08:03:24.053907 main.go:28: [97m[INFO][0m ✅ '1.5m' → 1500000.000000
2025/05/20 08:03:24.053910 main.go:30: [97m[INFO][0m String:
2025/05/20 08:03:24.053914 main.go:36: [97m[INFO][0m ✅ '1.5m' → 1500000
2025/05/20 08:03:24.053920 main.go:43: [97m[INFO][0m ✅ '1.5m' → 1,500,000.00
2025/05/20 08:03:24.053923 main.go:15: [97m[INFO][0m Int:
2025/05/20 08:03:24.053927 main.go:20: [97m[INFO][0m ✅ '2b500m' → 2500000000
2025/05/20 08:03:24.053930 main.go:22: [97m[INFO][0m Float:
2025/05/20 08:03:24.053934 main.go:28: [97m[INFO][0m ✅ '2b500m' → 2500000000.000000
2025/05/20 08:03:24.053937 main.go:30: [97m[INFO][0m String:
2025/05/20 08:03:24.053942 main.go:36: [97m[INFO][0m ✅ '2b500m' → 2500000000
2025/05/20 08:03:24.053952 main.go:43: [97m[INFO][0m ✅ '2b500m' → 2,500,000,000.00
2025/05/20 08:03:24.053956 main.go:15: [97m[INFO][0m Int:
2025/05/20 08:03:24.053960 main.go:20: [97m[INFO][0m ✅ '5.5m250k' → 5750000
2025/05/20 08:03:24.053963 main.go:22: [97m[INFO][0m Float:
2025/05/20 08:03:24.053967 main.go:28: [97m[INFO][0m ✅ '5.5m250k' → 5750000.000000
2025/05/20 08:03:24.053970 main.go:30: [97m[INFO][0m String:
2025/05/20 08:03:24.053977 main.go:36: [97m[INFO][0m ✅ '5.5m250k' → 5750000
2025/05/20 08:03:24.053983 main.go:43: [97m[INFO][0m ✅ '5.5m250k' → 5,750,000.00
2025/05/20 08:03:24.053986 main.go:15: [97m[INFO][0m Int:
2025/05/20 08:03:24.053990 main.go:20: [97m[INFO][0m ✅ '1b2m3k' → 1002003000
2025/05/20 08:03:24.053993 main.go:22: [97m[INFO][0m Float:
2025/05/20 08:03:24.053999 main.go:28: [97m[INFO][0m ✅ '1b2m3k' → 1002003000.000000
2025/05/20 08:03:24.054002 main.go:30: [97m[INFO][0m String:
2025/05/20 08:03:24.054007 main.go:36: [97m[INFO][0m ✅ '1b2m3k' → 1002003000
2025/05/20 08:03:24.054013 main.go:43: [97m[INFO][0m ✅ '1b2m3k' → 1,002,003,000.00
2025/05/20 08:03:24.054016 main.go:15: [97m[INFO][0m Int:
2025/05/20 08:03:24.054023 main.go:20: [97m[INFO][0m ✅ '1T' → 1000000000000
2025/05/20 08:03:24.054026 main.go:22: [97m[INFO][0m Float:
2025/05/20 08:03:24.054030 main.go:28: [97m[INFO][0m ✅ '1T' → 1000000000000.000000
2025/05/20 08:03:24.054033 main.go:30: [97m[INFO][0m String:
2025/05/20 08:03:24.054042 main.go:36: [97m[INFO][0m ✅ '1T' → 1000000000000
2025/05/20 08:03:24.054048 main.go:43: [97m[INFO][0m ✅ '1T' → 1,000,000,000,000.00
2025/05/20 08:03:24.054051 main.go:15: [97m[INFO][0m Int:
2025/05/20 08:03:24.054056 main.go:20: [97m[INFO][0m ✅ '1.2t3b4.5m' → 1203004500000
2025/05/20 08:03:24.054058 main.go:22: [97m[INFO][0m Float:
2025/05/20 08:03:24.054065 main.go:28: [97m[INFO][0m ✅ '1.2t3b4.5m' → 1203004500000.000000
2025/05/20 08:03:24.054068 main.go:30: [97m[INFO][0m String:
2025/05/20 08:03:24.054073 main.go:36: [97m[INFO][0m ✅ '1.2t3b4.5m' → 1203004500000
2025/05/20 08:03:24.054080 main.go:43: [97m[INFO][0m ✅ '1.2t3b4.5m' → 1,203,004,500,000.00
2025/05/20 08:03:24.054083 main.go:15: [97m[INFO][0m Int:
2025/05/20 08:03:24.055033 main.go:22: [97m[INFO][0m Float:
2025/05/20 08:03:24.055049 main.go:30: [97m[INFO][0m String:
2025/05/20 08:03:24.055064 main.go:15: [97m[INFO][0m Int:
2025/05/20 08:03:24.055090 main.go:22: [97m[INFO][0m Float:
2025/05/20 08:03:24.055099 main.go:30: [97m[INFO][0m String:
2025/05/20 08:03:24.055113 main.go:15: [97m[INFO][0m Int:
2025/05/20 08:03:24.055121 main.go:22: [97m[INFO][0m Float:
2025/05/20 08:03:24.055129 main.go:30: [97m[INFO][0m String:
2025/05/20 08:03:24.055145 main.go:15: [97m[INFO][0m Int:
2025/05/20 08:03:24.055153 main.go:22: [97m[INFO][0m Float:
2025/05/20 08:03:24.055161 main.go:30: [97m[INFO][0m String:
2025/05/20 08:03:24.055178 main.go:15: [97m[INFO][0m Int:
2025/05/20 08:03:24.055187 main.go:22: [97m[INFO][0m Float:
2025/05/20 08:03:24.055195 main.go:30: [97m[INFO][0m String:
2025/05/20 08:03:24.055208 main.go:15: [97m[INFO][0m Int:
2025/05/20 08:03:24.055216 main.go:22: [97m[INFO][0m Float:
2025/05/20 08:03:24.055226 main.go:30: [97m[INFO][0m String:
2025/05/20 08:04:43.438468 support.go:8: [97m[INFO][0m Mocking - BiologicalSexes
2025/05/20 08:04:43.438703 support.go:8: [97m[INFO][0m Mocking - Countries
2025/05/20 08:04:43.438717 support.go:8: [97m[INFO][0m Mocking - Currencies
2025/05/20 08:04:43.438724 support.go:8: [97m[INFO][0m Mocking - Genders
2025/05/20 08:04:43.438728 support.go:8: [97m[INFO][0m Mocking - Tenor Ladder
2025/05/20 08:04:43.438737 support.go:8: [97m[INFO][0m Mocking - Titles
2025/05/20 08:04:43.438898 main.go:19: [97m[INFO][0m ✅ '1k' → 1000 (int)
2025/05/20 08:04:43.438934 main.go:26: [97m[INFO][0m ✅ '1k' → 1000.000000 (float)
2025/05/20 08:04:43.438991 main.go:33: [97m[INFO][0m ✅ '1k' → 1000 (string)
2025/05/20 08:04:43.439011 main.go:40: [97m[INFO][0m ✅ '1k' → 1,000.00 (amount string)
2025/05/20 08:04:43.439038 main.go:19: [97m[INFO][0m ✅ '1m' → 1000000 (int)
2025/05/20 08:04:43.439045 main.go:26: [97m[INFO][0m ✅ '1m' → 1000000.000000 (float)
2025/05/20 08:04:43.439051 main.go:33: [97m[INFO][0m ✅ '1m' → 1000000 (string)
2025/05/20 08:04:43.439058 main.go:40: [97m[INFO][0m ✅ '1m' → 1,000,000.00 (amount string)
2025/05/20 08:04:43.439064 main.go:19: [97m[INFO][0m ✅ '1.5m' → 1500000 (int)
2025/05/20 08:04:43.439069 main.go:26: [97m[INFO][0m ✅ '1.5m' → 1500000.000000 (float)
2025/05/20 08:04:43.443440 main.go:33: [97m[INFO][0m ✅ '1.5m' → 1500000 (string)
2025/05/20 08:04:43.443472 main.go:40: [97m[INFO][0m ✅ '1.5m' → 1,500,000.00 (amount string)
2025/05/20 08:04:43.443481 main.go:19: [97m[INFO][0m ✅ '2b500m' → 2500000000 (int)
2025/05/20 08:04:43.444348 main.go:26: [97m[INFO][0m ✅ '2b500m' → 2500000000.000000 (float)
2025/05/20 08:04:43.444365 main.go:33: [97m[INFO][0m ✅ '2b500m' → 2500000000 (string)
2025/05/20 08:04:43.444383 main.go:40: [97m[INFO][0m ✅ '2b500m' → 2,500,000,000.00 (amount string)
2025/05/20 08:04:43.444471 main.go:19: [97m[INFO][0m ✅ '5.5m250k' → 5750000 (int)
2025/05/20 08:04:43.444478 main.go:26: [97m[INFO][0m ✅ '5.5m250k' → 5750000.000000 (float)
2025/05/20 08:04:43.444526 main.go:33: [97m[INFO][0m ✅ '5.5m250k' → 5750000 (string)
2025/05/20 08:04:43.444535 main.go:40: [97m[INFO][0m ✅ '5.5m250k' → 5,750,000.00 (amount string)
2025/05/20 08:04:43.444541 main.go:19: [97m[INFO][0m ✅ '1b2m3k' → 1002003000 (int)
2025/05/20 08:04:43.444735 main.go:26: [97m[INFO][0m ✅ '1b2m3k' → 1002003000.000000 (float)
2025/05/20 08:04:43.444744 main.go:33: [97m[INFO][0m ✅ '1b2m3k' → 1002003000 (string)
2025/05/20 08:04:43.444754 main.go:40: [97m[INFO][0m ✅ '1b2m3k' → 1,002,003,000.00 (amount string)
2025/05/20 08:04:43.444940 main.go:19: [97m[INFO][0m ✅ '1T' → 1000000000000 (int)
2025/05/20 08:04:43.444946 main.go:26: [97m[INFO][0m ✅ '1T' → 1000000000000.000000 (float)
2025/05/20 08:04:43.444951 main.go:33: [97m[INFO][0m ✅ '1T' → 1000000000000 (string)
2025/05/20 08:04:43.444960 main.go:40: [97m[INFO][0m ✅ '1T' → 1,000,000,000,000.00 (amount string)
2025/05/20 08:04:43.444965 main.go:19: [97m[INFO][0m ✅ '1.2t3b4.5m' → 1203004500000 (int)
2025/05/20 08:04:43.444980 main.go:26: [97m[INFO][0m ✅ '1.2t3b4.5m' → 1203004500000.000000 (float)
2025/05/20 08:04:43.444990 main.go:33: [97m[INFO][0m ✅ '1.2t3b4.5m' → 1203004500000 (string)
2025/05/20 08:04:43.444998 main.go:40: [97m[INFO][0m ✅ '1.2t3b4.5m' → 1,203,004,500,000.00 (amount string)
